C51 COMPILER V9.01   TIMER                                                                 01/02/2023 09:43:55 PAGE 1   


C51 COMPILER V9.01, COMPILATION OF MODULE TIMER
OBJECT MODULE PLACED IN timer.OBJ
COMPILER INVOKED BY: D:\Program Files\Keil\C51\BIN\C51.EXE timer.c BROWSE DEBUG OBJECTEXTEND

line level    source

   1          #include <REG52.H>
   2          void Timer0Init(void)
   3          {
   4   1              TMOD &= 0xF0;           //设置定时器模式
   5   1              TMOD |= 0x01;           //设置定时器模式
   6   1              TL0 = 0x18;             //设置定时初值
   7   1              TH0 = 0xFC;             //设置定时初值
   8   1              TF0 = 0;                //清除TF0标志
   9   1              TR0 = 1;                //定时器0开始计时
  10   1              ET0=1;
  11   1              EA=1;
  12   1              PT0=0;
  13   1      }


MODULE INFORMATION:   STATIC OVERLAYABLE
   CODE SIZE        =     23    ----
   CONSTANT SIZE    =   ----    ----
   XDATA SIZE       =   ----    ----
   PDATA SIZE       =   ----    ----
   DATA SIZE        =   ----    ----
   IDATA SIZE       =   ----    ----
   BIT SIZE         =   ----    ----
END OF MODULE INFORMATION.


C51 COMPILATION COMPLETE.  0 WARNING(S),  0 ERROR(S)
